0 verbose cli /home/cloud-cc/.nvm/versions/node/v20.13.1/bin/node /home/cloud-cc/.nvm/versions/node/v20.13.1/bin/npm
1 info using npm@10.5.2
2 info using node@v20.13.1
3 timing npm:load:whichnode Completed in 5ms
4 timing config:load:defaults Completed in 4ms
5 timing config:load:file:/home/cloud-cc/.nvm/versions/node/v20.13.1/lib/node_modules/npm/npmrc Completed in 1ms
6 timing config:load:builtin Completed in 1ms
7 timing config:load:cli Completed in 5ms
8 timing config:load:env Completed in 0ms
9 timing config:load:project Completed in 2ms
10 timing config:load:file:/home/cloud-cc/.npmrc Completed in 0ms
11 timing config:load:user Completed in 0ms
12 timing config:load:file:/home/cloud-cc/.nvm/versions/node/v20.13.1/etc/npmrc Completed in 0ms
13 timing config:load:global Completed in 0ms
14 timing config:load:setEnvs Completed in 1ms
15 timing config:load Completed in 14ms
16 timing npm:load:configload Completed in 14ms
17 timing config:load:flatten Completed in 2ms
18 timing npm:load:mkdirpcache Completed in 0ms
19 timing npm:load:mkdirplogs Completed in 0ms
20 verbose title npm i serve
21 verbose argv "i" "--global" "serve"
22 timing npm:load:setTitle Completed in 1ms
23 timing npm:load:display Completed in 0ms
24 verbose logfile logs-max:10 dir:/home/cloud-cc/.npm/_logs/2024-05-20T09_10_39_633Z-
25 verbose logfile /home/cloud-cc/.npm/_logs/2024-05-20T09_10_39_633Z-debug-0.log
26 timing npm:load:logFile Completed in 2ms
27 timing npm:load:timers Completed in 0ms
28 timing npm:load:configScope Completed in 0ms
29 timing npm:load Completed in 39ms
30 timing config:load:flatten Completed in 3ms
31 timing arborist:ctor Completed in 1ms
32 silly logfile done cleaning log files
33 timing idealTree:init Completed in 4ms
34 timing idealTree:userRequests Completed in 3ms
35 silly idealTree buildDeps
36 silly fetch manifest serve@*
37 http fetch GET 200 https://registry.npmjs.org/serve 80ms (cache miss)
38 silly placeDep ROOT serve@14.2.3 OK for:  want: *
39 silly fetch manifest @zeit/schemas@2.36.0
40 http fetch GET 200 https://registry.npmjs.org/npm 240ms
41 http fetch GET 200 https://registry.npmjs.org/@zeit%2fschemas 361ms (cache miss)
42 silly fetch manifest ajv@8.12.0
43 http fetch GET 200 https://registry.npmjs.org/ajv 608ms (cache miss)
44 silly fetch manifest arg@5.0.2
45 http fetch GET 200 https://registry.npmjs.org/arg 76ms (cache miss)
46 silly fetch manifest boxen@7.0.0
47 http fetch GET 200 https://registry.npmjs.org/boxen 40ms (cache miss)
48 silly fetch manifest chalk@5.0.1
49 http fetch GET 200 https://registry.npmjs.org/chalk 66ms (cache miss)
50 silly fetch manifest chalk-template@0.4.0
51 http fetch GET 200 https://registry.npmjs.org/chalk-template 47ms (cache miss)
52 silly fetch manifest clipboardy@3.0.0
53 http fetch GET 200 https://registry.npmjs.org/clipboardy 34ms (cache miss)
54 silly fetch manifest compression@1.7.4
55 http fetch GET 200 https://registry.npmjs.org/compression 48ms (cache miss)
56 silly fetch manifest is-port-reachable@4.0.0
57 http fetch GET 200 https://registry.npmjs.org/is-port-reachable 38ms (cache miss)
58 silly fetch manifest serve-handler@6.1.5
59 http fetch GET 200 https://registry.npmjs.org/serve-handler 46ms (cache miss)
60 silly fetch manifest update-check@1.5.4
61 http fetch GET 200 https://registry.npmjs.org/update-check 40ms (cache miss)
62 timing idealTree:#root Completed in 1541ms
63 silly placeDep node_modules/serve @zeit/schemas@2.36.0 OK for: serve@14.2.3 want: 2.36.0
64 silly placeDep node_modules/serve ajv@8.12.0 OK for: serve@14.2.3 want: 8.12.0
65 silly placeDep node_modules/serve arg@5.0.2 OK for: serve@14.2.3 want: 5.0.2
66 silly placeDep node_modules/serve boxen@7.0.0 OK for: serve@14.2.3 want: 7.0.0
67 silly placeDep node_modules/serve chalk@5.0.1 OK for: serve@14.2.3 want: 5.0.1
68 silly placeDep node_modules/serve chalk-template@0.4.0 OK for: serve@14.2.3 want: 0.4.0
69 silly placeDep node_modules/serve clipboardy@3.0.0 OK for: serve@14.2.3 want: 3.0.0
70 silly placeDep node_modules/serve compression@1.7.4 OK for: serve@14.2.3 want: 1.7.4
71 silly placeDep node_modules/serve is-port-reachable@4.0.0 OK for: serve@14.2.3 want: 4.0.0
72 silly placeDep node_modules/serve serve-handler@6.1.5 OK for: serve@14.2.3 want: 6.1.5
73 silly placeDep node_modules/serve update-check@1.5.4 OK for: serve@14.2.3 want: 1.5.4
74 silly fetch manifest fast-deep-equal@^3.1.1
75 http fetch GET 200 https://registry.npmjs.org/fast-deep-equal 28ms (cache miss)
76 silly fetch manifest json-schema-traverse@^1.0.0
77 http fetch GET 200 https://registry.npmjs.org/json-schema-traverse 28ms (cache miss)
78 silly fetch manifest require-from-string@^2.0.2
79 http fetch GET 200 https://registry.npmjs.org/require-from-string 46ms (cache miss)
80 silly fetch manifest uri-js@^4.2.2
81 http fetch GET 200 https://registry.npmjs.org/uri-js 34ms (cache miss)
82 silly fetch manifest ansi-align@^3.0.1
83 http fetch GET 200 https://registry.npmjs.org/ansi-align 37ms (cache miss)
84 silly fetch manifest camelcase@^7.0.0
85 http fetch GET 200 https://registry.npmjs.org/camelcase 40ms (cache miss)
86 silly fetch manifest chalk@^5.0.1
87 silly fetch manifest cli-boxes@^3.0.0
88 http fetch GET 200 https://registry.npmjs.org/cli-boxes 30ms (cache miss)
89 silly fetch manifest string-width@^5.1.2
90 http fetch GET 200 https://registry.npmjs.org/string-width 33ms (cache miss)
91 silly fetch manifest type-fest@^2.13.0
92 http fetch GET 200 https://registry.npmjs.org/type-fest 55ms (cache miss)
93 silly fetch manifest widest-line@^4.0.1
94 http fetch GET 200 https://registry.npmjs.org/widest-line 47ms (cache miss)
95 silly fetch manifest wrap-ansi@^8.0.1
96 http fetch GET 200 https://registry.npmjs.org/wrap-ansi 42ms (cache miss)
97 silly fetch manifest chalk@^4.1.2
98 silly fetch manifest arch@^2.2.0
99 http fetch GET 200 https://registry.npmjs.org/arch 47ms (cache miss)
100 silly fetch manifest execa@^5.1.1
101 http fetch GET 200 https://registry.npmjs.org/execa 34ms (cache miss)
102 silly fetch manifest is-wsl@^2.2.0
103 http fetch GET 200 https://registry.npmjs.org/is-wsl 42ms (cache miss)
104 silly fetch manifest accepts@~1.3.5
105 http fetch GET 200 https://registry.npmjs.org/accepts 64ms (cache miss)
106 silly fetch manifest bytes@3.0.0
107 http fetch GET 200 https://registry.npmjs.org/bytes 36ms (cache miss)
108 silly fetch manifest compressible@~2.0.16
109 http fetch GET 200 https://registry.npmjs.org/compressible 74ms (cache miss)
110 silly fetch manifest debug@2.6.9
111 http fetch GET 200 https://registry.npmjs.org/debug 55ms (cache miss)
112 silly fetch manifest on-headers@~1.0.2
113 http fetch GET 200 https://registry.npmjs.org/on-headers 32ms (cache miss)
114 silly fetch manifest safe-buffer@5.1.2
115 http fetch GET 200 https://registry.npmjs.org/safe-buffer 48ms (cache miss)
116 silly fetch manifest vary@~1.1.2
117 http fetch GET 200 https://registry.npmjs.org/vary 41ms (cache miss)
118 silly fetch manifest content-disposition@0.5.2
119 http fetch GET 200 https://registry.npmjs.org/content-disposition 52ms (cache miss)
120 silly fetch manifest fast-url-parser@1.1.3
121 http fetch GET 200 https://registry.npmjs.org/fast-url-parser 573ms (cache miss)
122 silly fetch manifest mime-types@2.1.18
123 http fetch GET 200 https://registry.npmjs.org/mime-types 43ms (cache miss)
124 silly fetch manifest minimatch@3.1.2
125 http fetch GET 200 https://registry.npmjs.org/minimatch 53ms (cache miss)
126 silly fetch manifest path-is-inside@1.0.2
127 http fetch GET 200 https://registry.npmjs.org/path-is-inside 43ms (cache miss)
128 silly fetch manifest path-to-regexp@2.2.1
129 http fetch GET 200 https://registry.npmjs.org/path-to-regexp 44ms (cache miss)
130 silly fetch manifest range-parser@1.2.0
131 http fetch GET 200 https://registry.npmjs.org/range-parser 30ms (cache miss)
132 silly fetch manifest registry-auth-token@3.3.2
133 http fetch GET 200 https://registry.npmjs.org/registry-auth-token 564ms (cache miss)
134 silly fetch manifest registry-url@3.1.0
135 http fetch GET 200 https://registry.npmjs.org/registry-url 43ms (cache miss)
136 timing idealTree:node_modules/serve Completed in 2429ms
137 timing idealTree:node_modules/serve/node_modules/@zeit/schemas Completed in 0ms
138 silly placeDep node_modules/serve fast-deep-equal@3.1.3 OK for: ajv@8.12.0 want: ^3.1.1
139 silly placeDep node_modules/serve json-schema-traverse@1.0.0 OK for: ajv@8.12.0 want: ^1.0.0
140 silly placeDep node_modules/serve require-from-string@2.0.2 OK for: ajv@8.12.0 want: ^2.0.2
141 silly placeDep node_modules/serve uri-js@4.4.1 OK for: ajv@8.12.0 want: ^4.2.2
142 silly fetch manifest punycode@^2.1.0
143 http fetch GET 200 https://registry.npmjs.org/punycode 29ms (cache miss)
144 timing idealTree:node_modules/serve/node_modules/ajv Completed in 43ms
145 timing idealTree:node_modules/serve/node_modules/arg Completed in 0ms
146 silly placeDep node_modules/serve ansi-align@3.0.1 OK for: boxen@7.0.0 want: ^3.0.1
147 silly placeDep node_modules/serve camelcase@7.0.1 OK for: boxen@7.0.0 want: ^7.0.0
148 silly placeDep node_modules/serve cli-boxes@3.0.0 OK for: boxen@7.0.0 want: ^3.0.0
149 silly placeDep node_modules/serve string-width@5.1.2 OK for: boxen@7.0.0 want: ^5.1.2
150 silly placeDep node_modules/serve type-fest@2.19.0 OK for: boxen@7.0.0 want: ^2.13.0
151 silly placeDep node_modules/serve widest-line@4.0.1 OK for: boxen@7.0.0 want: ^4.0.1
152 silly placeDep node_modules/serve wrap-ansi@8.1.0 OK for: boxen@7.0.0 want: ^8.0.1
153 silly fetch manifest string-width@^4.1.0
154 silly fetch manifest eastasianwidth@^0.2.0
155 http fetch GET 200 https://registry.npmjs.org/eastasianwidth 29ms (cache miss)
156 silly fetch manifest emoji-regex@^9.2.2
157 http fetch GET 200 https://registry.npmjs.org/emoji-regex 39ms (cache miss)
158 silly fetch manifest strip-ansi@^7.0.1
159 http fetch GET 200 https://registry.npmjs.org/strip-ansi 36ms (cache miss)
160 silly fetch manifest ansi-styles@^6.1.0
161 http fetch GET 200 https://registry.npmjs.org/ansi-styles 46ms (cache miss)
162 timing idealTree:node_modules/serve/node_modules/boxen Completed in 174ms
163 silly placeDep node_modules/serve/node_modules/ansi-align string-width@4.2.3 OK for: ansi-align@3.0.1 want: ^4.1.0
164 silly fetch manifest emoji-regex@^8.0.0
165 silly fetch manifest is-fullwidth-code-point@^3.0.0
166 http fetch GET 200 https://registry.npmjs.org/is-fullwidth-code-point 63ms (cache miss)
167 silly fetch manifest strip-ansi@^6.0.1
168 timing idealTree:node_modules/serve/node_modules/ansi-align Completed in 71ms
169 timing idealTree:node_modules/serve/node_modules/camelcase Completed in 0ms
170 timing idealTree:node_modules/serve/node_modules/chalk Completed in 0ms
171 silly placeDep node_modules/serve/node_modules/chalk-template chalk@4.1.2 OK for: chalk-template@0.4.0 want: ^4.1.2
172 silly fetch manifest ansi-styles@^4.1.0
173 silly fetch manifest supports-color@^7.1.0
174 http fetch GET 200 https://registry.npmjs.org/supports-color 96ms (cache miss)
175 timing idealTree:node_modules/serve/node_modules/chalk-template Completed in 101ms
176 timing idealTree:node_modules/serve/node_modules/cli-boxes Completed in 0ms
177 silly placeDep node_modules/serve arch@2.2.0 OK for: clipboardy@3.0.0 want: ^2.2.0
178 silly placeDep node_modules/serve execa@5.1.1 OK for: clipboardy@3.0.0 want: ^5.1.1
179 silly placeDep node_modules/serve is-wsl@2.2.0 OK for: clipboardy@3.0.0 want: ^2.2.0
180 silly fetch manifest cross-spawn@^7.0.3
181 http fetch GET 200 https://registry.npmjs.org/cross-spawn 41ms (cache miss)
182 silly fetch manifest get-stream@^6.0.0
183 http fetch GET 200 https://registry.npmjs.org/get-stream 52ms (cache miss)
184 silly fetch manifest human-signals@^2.1.0
185 http fetch GET 200 https://registry.npmjs.org/human-signals 50ms (cache miss)
186 silly fetch manifest is-stream@^2.0.0
187 http fetch GET 200 https://registry.npmjs.org/is-stream 37ms (cache miss)
188 silly fetch manifest merge-stream@^2.0.0
189 http fetch GET 200 https://registry.npmjs.org/merge-stream 31ms (cache miss)
190 silly fetch manifest npm-run-path@^4.0.1
191 http fetch GET 200 https://registry.npmjs.org/npm-run-path 30ms (cache miss)
192 silly fetch manifest onetime@^5.1.2
193 http fetch GET 200 https://registry.npmjs.org/onetime 47ms (cache miss)
194 silly fetch manifest signal-exit@^3.0.3
195 http fetch GET 200 https://registry.npmjs.org/signal-exit 62ms (cache miss)
196 silly fetch manifest strip-final-newline@^2.0.0
197 http fetch GET 200 https://registry.npmjs.org/strip-final-newline 69ms (cache miss)
198 silly fetch manifest is-docker@^2.0.0
199 http fetch GET 200 https://registry.npmjs.org/is-docker 44ms (cache miss)
200 timing idealTree:node_modules/serve/node_modules/clipboardy Completed in 486ms
201 timing idealTree:node_modules/serve/node_modules/arch Completed in 0ms
202 silly placeDep node_modules/serve accepts@1.3.8 OK for: compression@1.7.4 want: ~1.3.5
203 silly placeDep node_modules/serve bytes@3.0.0 OK for: compression@1.7.4 want: 3.0.0
204 silly placeDep node_modules/serve compressible@2.0.18 OK for: compression@1.7.4 want: ~2.0.16
205 silly placeDep node_modules/serve debug@2.6.9 OK for: compression@1.7.4 want: 2.6.9
206 silly placeDep node_modules/serve on-headers@1.0.2 OK for: compression@1.7.4 want: ~1.0.2
207 silly placeDep node_modules/serve safe-buffer@5.1.2 OK for: compression@1.7.4 want: 5.1.2
208 silly placeDep node_modules/serve vary@1.1.2 OK for: compression@1.7.4 want: ~1.1.2
209 silly fetch manifest mime-types@~2.1.34
210 silly fetch manifest negotiator@0.6.3
211 http fetch GET 200 https://registry.npmjs.org/negotiator 64ms (cache miss)
212 silly fetch manifest mime-db@>= 1.43.0 < 2
213 http fetch GET 200 https://registry.npmjs.org/mime-db 52ms (cache miss)
214 silly fetch manifest ms@2.0.0
215 http fetch GET 200 https://registry.npmjs.org/ms 36ms (cache miss)
216 timing idealTree:node_modules/serve/node_modules/compression Completed in 170ms
217 silly placeDep node_modules/serve mime-types@2.1.35 OK for: accepts@1.3.8 want: ~2.1.34
218 silly placeDep node_modules/serve negotiator@0.6.3 OK for: accepts@1.3.8 want: 0.6.3
219 silly fetch manifest mime-db@1.52.0
220 timing idealTree:node_modules/serve/node_modules/accepts Completed in 3ms
221 timing idealTree:node_modules/serve/node_modules/bytes Completed in 0ms
222 silly placeDep node_modules/serve mime-db@1.52.0 OK for: compressible@2.0.18 want: >= 1.43.0 < 2
223 timing idealTree:node_modules/serve/node_modules/compressible Completed in 1ms
224 silly placeDep node_modules/serve ms@2.0.0 OK for: debug@2.6.9 want: 2.0.0
225 timing idealTree:node_modules/serve/node_modules/debug Completed in 1ms
226 silly placeDep node_modules/serve cross-spawn@7.0.3 OK for: execa@5.1.1 want: ^7.0.3
227 silly placeDep node_modules/serve get-stream@6.0.1 OK for: execa@5.1.1 want: ^6.0.0
228 silly placeDep node_modules/serve human-signals@2.1.0 OK for: execa@5.1.1 want: ^2.1.0
229 silly placeDep node_modules/serve is-stream@2.0.1 OK for: execa@5.1.1 want: ^2.0.0
230 silly placeDep node_modules/serve merge-stream@2.0.0 OK for: execa@5.1.1 want: ^2.0.0
231 silly placeDep node_modules/serve npm-run-path@4.0.1 OK for: execa@5.1.1 want: ^4.0.1
232 silly placeDep node_modules/serve onetime@5.1.2 OK for: execa@5.1.1 want: ^5.1.2
233 silly placeDep node_modules/serve signal-exit@3.0.7 OK for: execa@5.1.1 want: ^3.0.3
234 silly placeDep node_modules/serve strip-final-newline@2.0.0 OK for: execa@5.1.1 want: ^2.0.0
235 silly fetch manifest path-key@^3.1.0
236 http fetch GET 200 https://registry.npmjs.org/path-key 272ms (cache miss)
237 silly fetch manifest shebang-command@^2.0.0
238 http fetch GET 200 https://registry.npmjs.org/shebang-command 66ms (cache miss)
239 silly fetch manifest which@^2.0.1
240 http fetch GET 200 https://registry.npmjs.org/which 36ms (cache miss)
241 silly fetch manifest path-key@^3.0.0
242 silly fetch manifest mimic-fn@^2.1.0
243 http fetch GET 200 https://registry.npmjs.org/mimic-fn 39ms (cache miss)
244 timing idealTree:node_modules/serve/node_modules/execa Completed in 444ms
245 silly placeDep node_modules/serve path-key@3.1.1 OK for: cross-spawn@7.0.3 want: ^3.1.0
246 silly placeDep node_modules/serve shebang-command@2.0.0 OK for: cross-spawn@7.0.3 want: ^2.0.0
247 silly placeDep node_modules/serve which@2.0.2 OK for: cross-spawn@7.0.3 want: ^2.0.1
248 silly fetch manifest shebang-regex@^3.0.0
249 http fetch GET 200 https://registry.npmjs.org/shebang-regex 35ms (cache miss)
250 silly fetch manifest isexe@^2.0.0
251 http fetch GET 200 https://registry.npmjs.org/isexe 42ms (cache miss)
252 timing idealTree:node_modules/serve/node_modules/cross-spawn Completed in 85ms
253 timing idealTree:node_modules/serve/node_modules/fast-deep-equal Completed in 0ms
254 timing idealTree:node_modules/serve/node_modules/get-stream Completed in 0ms
255 timing idealTree:node_modules/serve/node_modules/human-signals Completed in 0ms
256 timing idealTree:node_modules/serve/node_modules/is-port-reachable Completed in 0ms
257 timing idealTree:node_modules/serve/node_modules/is-stream Completed in 0ms
258 silly placeDep node_modules/serve is-docker@2.2.1 OK for: is-wsl@2.2.0 want: ^2.0.0
259 timing idealTree:node_modules/serve/node_modules/is-wsl Completed in 1ms
260 timing idealTree:node_modules/serve/node_modules/is-docker Completed in 0ms
261 timing idealTree:node_modules/serve/node_modules/json-schema-traverse Completed in 0ms
262 timing idealTree:node_modules/serve/node_modules/merge-stream Completed in 0ms
263 timing idealTree:node_modules/serve/node_modules/mime-db Completed in 0ms
264 timing idealTree:node_modules/serve/node_modules/mime-types Completed in 0ms
265 timing idealTree:node_modules/serve/node_modules/ms Completed in 0ms
266 timing idealTree:node_modules/serve/node_modules/negotiator Completed in 0ms
267 timing idealTree:node_modules/serve/node_modules/npm-run-path Completed in 0ms
268 timing idealTree:node_modules/serve/node_modules/on-headers Completed in 0ms
269 silly placeDep node_modules/serve mimic-fn@2.1.0 OK for: onetime@5.1.2 want: ^2.1.0
270 timing idealTree:node_modules/serve/node_modules/onetime Completed in 2ms
271 timing idealTree:node_modules/serve/node_modules/mimic-fn Completed in 0ms
272 timing idealTree:node_modules/serve/node_modules/path-key Completed in 0ms
273 timing idealTree:node_modules/serve/node_modules/require-from-string Completed in 0ms
274 timing idealTree:node_modules/serve/node_modules/safe-buffer Completed in 0ms
275 silly placeDep node_modules/serve content-disposition@0.5.2 OK for: serve-handler@6.1.5 want: 0.5.2
276 silly placeDep node_modules/serve fast-url-parser@1.1.3 OK for: serve-handler@6.1.5 want: 1.1.3
277 silly placeDep node_modules/serve/node_modules/serve-handler mime-types@2.1.18 OK for: serve-handler@6.1.5 want: 2.1.18
278 silly placeDep node_modules/serve minimatch@3.1.2 OK for: serve-handler@6.1.5 want: 3.1.2
279 silly placeDep node_modules/serve path-is-inside@1.0.2 OK for: serve-handler@6.1.5 want: 1.0.2
280 silly placeDep node_modules/serve path-to-regexp@2.2.1 OK for: serve-handler@6.1.5 want: 2.2.1
281 silly placeDep node_modules/serve range-parser@1.2.0 OK for: serve-handler@6.1.5 want: 1.2.0
282 silly fetch manifest punycode@^1.3.2
283 silly fetch manifest mime-db@~1.33.0
284 silly fetch manifest brace-expansion@^1.1.7
285 http fetch GET 200 https://registry.npmjs.org/brace-expansion 33ms (cache miss)
286 timing idealTree:node_modules/serve/node_modules/serve-handler Completed in 48ms
287 timing idealTree:node_modules/serve/node_modules/content-disposition Completed in 0ms
288 silly placeDep node_modules/serve punycode@1.4.1 OK for: fast-url-parser@1.1.3 want: ^1.3.2
289 timing idealTree:node_modules/serve/node_modules/fast-url-parser Completed in 1ms
290 silly placeDep node_modules/serve brace-expansion@1.1.11 OK for: minimatch@3.1.2 want: ^1.1.7
291 silly fetch manifest balanced-match@^1.0.0
292 http fetch GET 200 https://registry.npmjs.org/balanced-match 60ms (cache miss)
293 silly fetch manifest concat-map@0.0.1
294 http fetch GET 200 https://registry.npmjs.org/concat-map 58ms (cache miss)
295 timing idealTree:node_modules/serve/node_modules/minimatch Completed in 121ms
296 silly placeDep node_modules/serve balanced-match@1.0.2 OK for: brace-expansion@1.1.11 want: ^1.0.0
297 silly placeDep node_modules/serve concat-map@0.0.1 OK for: brace-expansion@1.1.11 want: 0.0.1
298 timing idealTree:node_modules/serve/node_modules/brace-expansion Completed in 2ms
299 timing idealTree:node_modules/serve/node_modules/balanced-match Completed in 0ms
300 timing idealTree:node_modules/serve/node_modules/concat-map Completed in 0ms
301 timing idealTree:node_modules/serve/node_modules/path-is-inside Completed in 0ms
302 timing idealTree:node_modules/serve/node_modules/path-to-regexp Completed in 0ms
303 timing idealTree:node_modules/serve/node_modules/punycode Completed in 0ms
304 timing idealTree:node_modules/serve/node_modules/range-parser Completed in 0ms
305 silly placeDep node_modules/serve shebang-regex@3.0.0 OK for: shebang-command@2.0.0 want: ^3.0.0
306 timing idealTree:node_modules/serve/node_modules/shebang-command Completed in 1ms
307 timing idealTree:node_modules/serve/node_modules/shebang-regex Completed in 0ms
308 timing idealTree:node_modules/serve/node_modules/signal-exit Completed in 0ms
309 silly placeDep node_modules/serve eastasianwidth@0.2.0 OK for: string-width@5.1.2 want: ^0.2.0
310 silly placeDep node_modules/serve emoji-regex@9.2.2 OK for: string-width@5.1.2 want: ^9.2.2
311 silly placeDep node_modules/serve strip-ansi@7.1.0 OK for: string-width@5.1.2 want: ^7.0.1
312 silly fetch manifest ansi-regex@^6.0.1
313 http fetch GET 200 https://registry.npmjs.org/ansi-regex 42ms (cache miss)
314 timing idealTree:node_modules/serve/node_modules/string-width Completed in 47ms
315 timing idealTree:node_modules/serve/node_modules/eastasianwidth Completed in 0ms
316 timing idealTree:node_modules/serve/node_modules/emoji-regex Completed in 0ms
317 silly placeDep node_modules/serve ansi-regex@6.0.1 OK for: strip-ansi@7.1.0 want: ^6.0.1
318 timing idealTree:node_modules/serve/node_modules/strip-ansi Completed in 1ms
319 timing idealTree:node_modules/serve/node_modules/ansi-regex Completed in 0ms
320 timing idealTree:node_modules/serve/node_modules/strip-final-newline Completed in 1ms
321 timing idealTree:node_modules/serve/node_modules/type-fest Completed in 0ms
322 silly placeDep node_modules/serve registry-auth-token@3.3.2 OK for: update-check@1.5.4 want: 3.3.2
323 silly placeDep node_modules/serve registry-url@3.1.0 OK for: update-check@1.5.4 want: 3.1.0
324 silly fetch manifest rc@^1.1.6
325 http fetch GET 200 https://registry.npmjs.org/rc 55ms (cache miss)
326 silly fetch manifest rc@^1.0.1
327 timing idealTree:node_modules/serve/node_modules/update-check Completed in 62ms
328 silly placeDep node_modules/serve rc@1.2.8 OK for: registry-auth-token@3.3.2 want: ^1.1.6
329 silly fetch manifest deep-extend@^0.6.0
330 http fetch GET 200 https://registry.npmjs.org/deep-extend 69ms (cache miss)
331 silly fetch manifest ini@~1.3.0
332 http fetch GET 200 https://registry.npmjs.org/ini 59ms (cache miss)
333 silly fetch manifest minimist@^1.2.0
334 http fetch GET 200 https://registry.npmjs.org/minimist 51ms (cache miss)
335 silly fetch manifest strip-json-comments@~2.0.1
336 http fetch GET 200 https://registry.npmjs.org/strip-json-comments 37ms (cache miss)
337 timing idealTree:node_modules/serve/node_modules/registry-auth-token Completed in 231ms
338 silly placeDep node_modules/serve deep-extend@0.6.0 OK for: rc@1.2.8 want: ^0.6.0
339 silly placeDep node_modules/serve ini@1.3.8 OK for: rc@1.2.8 want: ~1.3.0
340 silly placeDep node_modules/serve minimist@1.2.8 OK for: rc@1.2.8 want: ^1.2.0
341 silly placeDep node_modules/serve strip-json-comments@2.0.1 OK for: rc@1.2.8 want: ~2.0.1
342 timing idealTree:node_modules/serve/node_modules/rc Completed in 8ms
343 timing idealTree:node_modules/serve/node_modules/deep-extend Completed in 0ms
344 timing idealTree:node_modules/serve/node_modules/ini Completed in 0ms
345 timing idealTree:node_modules/serve/node_modules/minimist Completed in 0ms
346 timing idealTree:node_modules/serve/node_modules/registry-url Completed in 0ms
347 timing idealTree:node_modules/serve/node_modules/strip-json-comments Completed in 0ms
348 silly placeDep node_modules/serve/node_modules/uri-js punycode@2.3.1 OK for: uri-js@4.4.1 want: ^2.1.0
349 timing idealTree:node_modules/serve/node_modules/uri-js Completed in 2ms
350 timing idealTree:node_modules/serve/node_modules/vary Completed in 0ms
351 silly placeDep node_modules/serve isexe@2.0.0 OK for: which@2.0.2 want: ^2.0.0
352 timing idealTree:node_modules/serve/node_modules/which Completed in 1ms
353 timing idealTree:node_modules/serve/node_modules/isexe Completed in 0ms
354 timing idealTree:node_modules/serve/node_modules/widest-line Completed in 0ms
355 silly placeDep node_modules/serve ansi-styles@6.2.1 OK for: wrap-ansi@8.1.0 want: ^6.1.0
356 timing idealTree:node_modules/serve/node_modules/wrap-ansi Completed in 2ms
357 timing idealTree:node_modules/serve/node_modules/ansi-styles Completed in 0ms
358 silly placeDep node_modules/serve/node_modules/ansi-align emoji-regex@8.0.0 OK for: string-width@4.2.3 want: ^8.0.0
359 silly placeDep node_modules/serve is-fullwidth-code-point@3.0.0 OK for: string-width@4.2.3 want: ^3.0.0
360 silly placeDep node_modules/serve/node_modules/ansi-align strip-ansi@6.0.1 OK for: string-width@4.2.3 want: ^6.0.1
361 silly fetch manifest ansi-regex@^5.0.1
362 timing idealTree:node_modules/serve/node_modules/ansi-align/node_modules/string-width Completed in 5ms
363 timing idealTree:node_modules/serve/node_modules/is-fullwidth-code-point Completed in 0ms
364 timing idealTree:node_modules/serve/node_modules/ansi-align/node_modules/emoji-regex Completed in 0ms
365 silly placeDep node_modules/serve/node_modules/ansi-align ansi-regex@5.0.1 OK for: strip-ansi@6.0.1 want: ^5.0.1
366 timing idealTree:node_modules/serve/node_modules/ansi-align/node_modules/strip-ansi Completed in 2ms
367 timing idealTree:node_modules/serve/node_modules/ansi-align/node_modules/ansi-regex Completed in 0ms
368 silly placeDep node_modules/serve/node_modules/chalk-template ansi-styles@4.3.0 OK for: chalk@4.1.2 want: ^4.1.0
369 silly placeDep node_modules/serve supports-color@7.2.0 OK for: chalk@4.1.2 want: ^7.1.0
370 silly fetch manifest color-convert@^2.0.1
371 http fetch GET 200 https://registry.npmjs.org/color-convert 48ms (cache miss)
372 silly fetch manifest has-flag@^4.0.0
373 http fetch GET 200 https://registry.npmjs.org/has-flag 43ms (cache miss)
374 timing idealTree:node_modules/serve/node_modules/chalk-template/node_modules/chalk Completed in 97ms
375 silly placeDep node_modules/serve has-flag@4.0.0 OK for: supports-color@7.2.0 want: ^4.0.0
376 timing idealTree:node_modules/serve/node_modules/supports-color Completed in 6ms
377 timing idealTree:node_modules/serve/node_modules/has-flag Completed in 0ms
378 silly placeDep node_modules/serve color-convert@2.0.1 OK for: ansi-styles@4.3.0 want: ^2.0.1
379 silly fetch manifest color-name@~1.1.4
380 http fetch GET 200 https://registry.npmjs.org/color-name 73ms (cache miss)
381 timing idealTree:node_modules/serve/node_modules/chalk-template/node_modules/ansi-styles Completed in 76ms
382 silly placeDep node_modules/serve color-name@1.1.4 OK for: color-convert@2.0.1 want: ~1.1.4
383 timing idealTree:node_modules/serve/node_modules/color-convert Completed in 1ms
384 timing idealTree:node_modules/serve/node_modules/color-name Completed in 0ms
385 silly placeDep node_modules/serve/node_modules/serve-handler mime-db@1.33.0 OK for: mime-types@2.1.18 want: ~1.33.0
386 timing idealTree:node_modules/serve/node_modules/serve-handler/node_modules/mime-types Completed in 3ms
387 timing idealTree:node_modules/serve/node_modules/serve-handler/node_modules/mime-db Completed in 0ms
388 timing idealTree:node_modules/serve/node_modules/uri-js/node_modules/punycode Completed in 0ms
389 timing idealTree:buildDeps Completed in 6277ms
390 timing idealTree:fixDepFlags Completed in 2ms
391 timing idealTree Completed in 6288ms
392 timing reify:loadTrees Completed in 6290ms
393 timing reify:diffTrees Completed in 2ms
394 silly reify moves {}
395 timing reify:retireShallow Completed in 1ms
396 timing reify:createSparse Completed in 11ms
397 timing reify:loadBundles Completed in 0ms
398 silly tarball no local data for serve@https://registry.npmjs.org/serve/-/serve-14.2.3.tgz. Extracting by manifest.
399 silly tarball no local data for color-name@https://registry.npmjs.org/color-name/-/color-name-1.1.4.tgz. Extracting by manifest.
400 silly tarball no local data for color-convert@https://registry.npmjs.org/color-convert/-/color-convert-2.0.1.tgz. Extracting by manifest.
401 silly tarball no local data for has-flag@https://registry.npmjs.org/has-flag/-/has-flag-4.0.0.tgz. Extracting by manifest.
402 silly tarball no local data for supports-color@https://registry.npmjs.org/supports-color/-/supports-color-7.2.0.tgz. Extracting by manifest.
403 silly tarball no local data for is-fullwidth-code-point@https://registry.npmjs.org/is-fullwidth-code-point/-/is-fullwidth-code-point-3.0.0.tgz. Extracting by manifest.
404 silly tarball no local data for ansi-styles@https://registry.npmjs.org/ansi-styles/-/ansi-styles-6.2.1.tgz. Extracting by manifest.
405 silly tarball no local data for isexe@https://registry.npmjs.org/isexe/-/isexe-2.0.0.tgz. Extracting by manifest.
406 silly tarball no local data for strip-json-comments@https://registry.npmjs.org/strip-json-comments/-/strip-json-comments-2.0.1.tgz. Extracting by manifest.
407 silly tarball no local data for minimist@https://registry.npmjs.org/minimist/-/minimist-1.2.8.tgz. Extracting by manifest.
408 silly tarball no local data for ini@https://registry.npmjs.org/ini/-/ini-1.3.8.tgz. Extracting by manifest.
409 silly tarball no local data for deep-extend@https://registry.npmjs.org/deep-extend/-/deep-extend-0.6.0.tgz. Extracting by manifest.
410 silly tarball no local data for rc@https://registry.npmjs.org/rc/-/rc-1.2.8.tgz. Extracting by manifest.
411 silly tarball no local data for registry-url@https://registry.npmjs.org/registry-url/-/registry-url-3.1.0.tgz. Extracting by manifest.
412 silly tarball no local data for registry-auth-token@https://registry.npmjs.org/registry-auth-token/-/registry-auth-token-3.3.2.tgz. Extracting by manifest.
413 silly tarball no local data for ansi-regex@https://registry.npmjs.org/ansi-regex/-/ansi-regex-6.0.1.tgz. Extracting by manifest.
414 silly tarball no local data for strip-ansi@https://registry.npmjs.org/strip-ansi/-/strip-ansi-7.1.0.tgz. Extracting by manifest.
415 silly tarball no local data for emoji-regex@https://registry.npmjs.org/emoji-regex/-/emoji-regex-9.2.2.tgz. Extracting by manifest.
416 silly tarball no local data for eastasianwidth@https://registry.npmjs.org/eastasianwidth/-/eastasianwidth-0.2.0.tgz. Extracting by manifest.
417 silly tarball no local data for shebang-regex@https://registry.npmjs.org/shebang-regex/-/shebang-regex-3.0.0.tgz. Extracting by manifest.
418 silly tarball no local data for concat-map@https://registry.npmjs.org/concat-map/-/concat-map-0.0.1.tgz. Extracting by manifest.
419 silly tarball no local data for balanced-match@https://registry.npmjs.org/balanced-match/-/balanced-match-1.0.2.tgz. Extracting by manifest.
420 silly tarball no local data for brace-expansion@https://registry.npmjs.org/brace-expansion/-/brace-expansion-1.1.11.tgz. Extracting by manifest.
421 silly tarball no local data for punycode@https://registry.npmjs.org/punycode/-/punycode-1.4.1.tgz. Extracting by manifest.
422 silly tarball no local data for range-parser@https://registry.npmjs.org/range-parser/-/range-parser-1.2.0.tgz. Extracting by manifest.
423 silly tarball no local data for path-to-regexp@https://registry.npmjs.org/path-to-regexp/-/path-to-regexp-2.2.1.tgz. Extracting by manifest.
424 silly tarball no local data for path-is-inside@https://registry.npmjs.org/path-is-inside/-/path-is-inside-1.0.2.tgz. Extracting by manifest.
425 silly tarball no local data for minimatch@https://registry.npmjs.org/minimatch/-/minimatch-3.1.2.tgz. Extracting by manifest.
426 silly tarball no local data for fast-url-parser@https://registry.npmjs.org/fast-url-parser/-/fast-url-parser-1.1.3.tgz. Extracting by manifest.
427 silly tarball no local data for content-disposition@https://registry.npmjs.org/content-disposition/-/content-disposition-0.5.2.tgz. Extracting by manifest.
428 silly tarball no local data for mimic-fn@https://registry.npmjs.org/mimic-fn/-/mimic-fn-2.1.0.tgz. Extracting by manifest.
429 silly tarball no local data for is-docker@https://registry.npmjs.org/is-docker/-/is-docker-2.2.1.tgz. Extracting by manifest.
430 silly tarball no local data for which@https://registry.npmjs.org/which/-/which-2.0.2.tgz. Extracting by manifest.
431 silly tarball no local data for shebang-command@https://registry.npmjs.org/shebang-command/-/shebang-command-2.0.0.tgz. Extracting by manifest.
432 silly tarball no local data for path-key@https://registry.npmjs.org/path-key/-/path-key-3.1.1.tgz. Extracting by manifest.
433 silly tarball no local data for strip-final-newline@https://registry.npmjs.org/strip-final-newline/-/strip-final-newline-2.0.0.tgz. Extracting by manifest.
434 silly tarball no local data for signal-exit@https://registry.npmjs.org/signal-exit/-/signal-exit-3.0.7.tgz. Extracting by manifest.
435 silly tarball no local data for onetime@https://registry.npmjs.org/onetime/-/onetime-5.1.2.tgz. Extracting by manifest.
436 silly tarball no local data for npm-run-path@https://registry.npmjs.org/npm-run-path/-/npm-run-path-4.0.1.tgz. Extracting by manifest.
437 silly tarball no local data for merge-stream@https://registry.npmjs.org/merge-stream/-/merge-stream-2.0.0.tgz. Extracting by manifest.
438 silly tarball no local data for is-stream@https://registry.npmjs.org/is-stream/-/is-stream-2.0.1.tgz. Extracting by manifest.
439 silly tarball no local data for human-signals@https://registry.npmjs.org/human-signals/-/human-signals-2.1.0.tgz. Extracting by manifest.
440 silly tarball no local data for get-stream@https://registry.npmjs.org/get-stream/-/get-stream-6.0.1.tgz. Extracting by manifest.
441 silly tarball no local data for cross-spawn@https://registry.npmjs.org/cross-spawn/-/cross-spawn-7.0.3.tgz. Extracting by manifest.
442 silly tarball no local data for ms@https://registry.npmjs.org/ms/-/ms-2.0.0.tgz. Extracting by manifest.
443 silly tarball no local data for mime-db@https://registry.npmjs.org/mime-db/-/mime-db-1.52.0.tgz. Extracting by manifest.
444 silly tarball no local data for negotiator@https://registry.npmjs.org/negotiator/-/negotiator-0.6.3.tgz. Extracting by manifest.
445 silly tarball no local data for mime-types@https://registry.npmjs.org/mime-types/-/mime-types-2.1.35.tgz. Extracting by manifest.
446 silly tarball no local data for vary@https://registry.npmjs.org/vary/-/vary-1.1.2.tgz. Extracting by manifest.
447 silly tarball no local data for safe-buffer@https://registry.npmjs.org/safe-buffer/-/safe-buffer-5.1.2.tgz. Extracting by manifest.
448 silly tarball no local data for on-headers@https://registry.npmjs.org/on-headers/-/on-headers-1.0.2.tgz. Extracting by manifest.
449 silly tarball no local data for debug@https://registry.npmjs.org/debug/-/debug-2.6.9.tgz. Extracting by manifest.
450 silly tarball no local data for compressible@https://registry.npmjs.org/compressible/-/compressible-2.0.18.tgz. Extracting by manifest.
451 silly tarball no local data for bytes@https://registry.npmjs.org/bytes/-/bytes-3.0.0.tgz. Extracting by manifest.
452 silly tarball no local data for accepts@https://registry.npmjs.org/accepts/-/accepts-1.3.8.tgz. Extracting by manifest.
453 silly tarball no local data for is-wsl@https://registry.npmjs.org/is-wsl/-/is-wsl-2.2.0.tgz. Extracting by manifest.
454 silly tarball no local data for execa@https://registry.npmjs.org/execa/-/execa-5.1.1.tgz. Extracting by manifest.
455 silly tarball no local data for arch@https://registry.npmjs.org/arch/-/arch-2.2.0.tgz. Extracting by manifest.
456 silly tarball no local data for wrap-ansi@https://registry.npmjs.org/wrap-ansi/-/wrap-ansi-8.1.0.tgz. Extracting by manifest.
457 silly tarball no local data for widest-line@https://registry.npmjs.org/widest-line/-/widest-line-4.0.1.tgz. Extracting by manifest.
458 silly tarball no local data for type-fest@https://registry.npmjs.org/type-fest/-/type-fest-2.19.0.tgz. Extracting by manifest.
459 silly tarball no local data for string-width@https://registry.npmjs.org/string-width/-/string-width-5.1.2.tgz. Extracting by manifest.
460 silly tarball no local data for cli-boxes@https://registry.npmjs.org/cli-boxes/-/cli-boxes-3.0.0.tgz. Extracting by manifest.
461 silly tarball no local data for camelcase@https://registry.npmjs.org/camelcase/-/camelcase-7.0.1.tgz. Extracting by manifest.
462 silly tarball no local data for ansi-align@https://registry.npmjs.org/ansi-align/-/ansi-align-3.0.1.tgz. Extracting by manifest.
463 silly tarball no local data for ansi-regex@https://registry.npmjs.org/ansi-regex/-/ansi-regex-5.0.1.tgz. Extracting by manifest.
464 silly tarball no local data for strip-ansi@https://registry.npmjs.org/strip-ansi/-/strip-ansi-6.0.1.tgz. Extracting by manifest.
465 silly tarball no local data for emoji-regex@https://registry.npmjs.org/emoji-regex/-/emoji-regex-8.0.0.tgz. Extracting by manifest.
466 silly tarball no local data for string-width@https://registry.npmjs.org/string-width/-/string-width-4.2.3.tgz. Extracting by manifest.
467 silly tarball no local data for uri-js@https://registry.npmjs.org/uri-js/-/uri-js-4.4.1.tgz. Extracting by manifest.
468 silly tarball no local data for punycode@https://registry.npmjs.org/punycode/-/punycode-2.3.1.tgz. Extracting by manifest.
469 silly tarball no local data for require-from-string@https://registry.npmjs.org/require-from-string/-/require-from-string-2.0.2.tgz. Extracting by manifest.
470 silly tarball no local data for json-schema-traverse@https://registry.npmjs.org/json-schema-traverse/-/json-schema-traverse-1.0.0.tgz. Extracting by manifest.
471 silly tarball no local data for fast-deep-equal@https://registry.npmjs.org/fast-deep-equal/-/fast-deep-equal-3.1.3.tgz. Extracting by manifest.
472 silly tarball no local data for update-check@https://registry.npmjs.org/update-check/-/update-check-1.5.4.tgz. Extracting by manifest.
473 silly tarball no local data for serve-handler@https://registry.npmjs.org/serve-handler/-/serve-handler-6.1.5.tgz. Extracting by manifest.
474 silly tarball no local data for mime-db@https://registry.npmjs.org/mime-db/-/mime-db-1.33.0.tgz. Extracting by manifest.
475 silly tarball no local data for mime-types@https://registry.npmjs.org/mime-types/-/mime-types-2.1.18.tgz. Extracting by manifest.
476 silly tarball no local data for is-port-reachable@https://registry.npmjs.org/is-port-reachable/-/is-port-reachable-4.0.0.tgz. Extracting by manifest.
477 silly tarball no local data for compression@https://registry.npmjs.org/compression/-/compression-1.7.4.tgz. Extracting by manifest.
478 silly tarball no local data for clipboardy@https://registry.npmjs.org/clipboardy/-/clipboardy-3.0.0.tgz. Extracting by manifest.
479 silly tarball no local data for chalk-template@https://registry.npmjs.org/chalk-template/-/chalk-template-0.4.0.tgz. Extracting by manifest.
480 silly tarball no local data for ansi-styles@https://registry.npmjs.org/ansi-styles/-/ansi-styles-4.3.0.tgz. Extracting by manifest.
481 silly tarball no local data for chalk@https://registry.npmjs.org/chalk/-/chalk-4.1.2.tgz. Extracting by manifest.
482 silly tarball no local data for chalk@https://registry.npmjs.org/chalk/-/chalk-5.0.1.tgz. Extracting by manifest.
483 silly tarball no local data for boxen@https://registry.npmjs.org/boxen/-/boxen-7.0.0.tgz. Extracting by manifest.
484 silly tarball no local data for arg@https://registry.npmjs.org/arg/-/arg-5.0.2.tgz. Extracting by manifest.
485 silly tarball no local data for ajv@https://registry.npmjs.org/ajv/-/ajv-8.12.0.tgz. Extracting by manifest.
486 silly tarball no local data for @zeit/schemas@https://registry.npmjs.org/@zeit/schemas/-/schemas-2.36.0.tgz. Extracting by manifest.
487 http fetch GET 200 https://registry.npmjs.org/color-name/-/color-name-1.1.4.tgz 298ms (cache miss)
488 timing reifyNode:node_modules/serve/node_modules/color-name Completed in 356ms
489 http fetch GET 200 https://registry.npmjs.org/serve/-/serve-14.2.3.tgz 300ms (cache miss)
490 timing reifyNode:node_modules/serve Completed in 357ms
491 http fetch GET 200 https://registry.npmjs.org/strip-ansi/-/strip-ansi-7.1.0.tgz 285ms (cache miss)
492 timing reifyNode:node_modules/serve/node_modules/strip-ansi Completed in 360ms
493 http fetch GET 200 https://registry.npmjs.org/ansi-regex/-/ansi-regex-6.0.1.tgz 291ms (cache miss)
494 timing reifyNode:node_modules/serve/node_modules/ansi-regex Completed in 365ms
495 http fetch GET 200 https://registry.npmjs.org/concat-map/-/concat-map-0.0.1.tgz 854ms (cache miss)
496 timing reifyNode:node_modules/serve/node_modules/concat-map Completed in 930ms
497 http fetch GET 200 https://registry.npmjs.org/emoji-regex/-/emoji-regex-9.2.2.tgz 872ms (cache miss)
498 http fetch GET 200 https://registry.npmjs.org/eastasianwidth/-/eastasianwidth-0.2.0.tgz 872ms (cache miss)
499 timing reifyNode:node_modules/serve/node_modules/eastasianwidth Completed in 947ms
500 http fetch GET 200 https://registry.npmjs.org/isexe/-/isexe-2.0.0.tgz 894ms (cache miss)
501 timing reifyNode:node_modules/serve/node_modules/isexe Completed in 956ms
502 http fetch GET 200 https://registry.npmjs.org/strip-json-comments/-/strip-json-comments-2.0.1.tgz 894ms (cache miss)
503 timing reifyNode:node_modules/serve/node_modules/strip-json-comments Completed in 957ms
504 http fetch GET 200 https://registry.npmjs.org/is-fullwidth-code-point/-/is-fullwidth-code-point-3.0.0.tgz 897ms (cache miss)
505 timing reifyNode:node_modules/serve/node_modules/is-fullwidth-code-point Completed in 958ms
506 http fetch GET 200 https://registry.npmjs.org/registry-url/-/registry-url-3.1.0.tgz 903ms (cache miss)
507 timing reifyNode:node_modules/serve/node_modules/registry-url Completed in 972ms
508 http fetch GET 200 https://registry.npmjs.org/brace-expansion/-/brace-expansion-1.1.11.tgz 895ms (cache miss)
509 timing reifyNode:node_modules/serve/node_modules/brace-expansion Completed in 973ms
510 http fetch GET 200 https://registry.npmjs.org/is-docker/-/is-docker-2.2.1.tgz 885ms (cache miss)
511 timing reifyNode:node_modules/serve/node_modules/is-docker Completed in 973ms
512 http fetch GET 200 https://registry.npmjs.org/ini/-/ini-1.3.8.tgz 923ms (cache miss)
513 timing reifyNode:node_modules/serve/node_modules/ini Completed in 990ms
514 http fetch GET 200 https://registry.npmjs.org/ansi-styles/-/ansi-styles-6.2.1.tgz 929ms (cache miss)
515 timing reifyNode:node_modules/serve/node_modules/ansi-styles Completed in 990ms
516 http fetch GET 200 https://registry.npmjs.org/supports-color/-/supports-color-7.2.0.tgz 930ms (cache miss)
517 timing reifyNode:node_modules/serve/node_modules/supports-color Completed in 991ms
518 http fetch GET 200 https://registry.npmjs.org/shebang-regex/-/shebang-regex-3.0.0.tgz 915ms (cache miss)
519 timing reifyNode:node_modules/serve/node_modules/shebang-regex Completed in 991ms
520 http fetch GET 200 https://registry.npmjs.org/has-flag/-/has-flag-4.0.0.tgz 932ms (cache miss)
521 timing reifyNode:node_modules/serve/node_modules/has-flag Completed in 992ms
522 http fetch GET 200 https://registry.npmjs.org/path-is-inside/-/path-is-inside-1.0.2.tgz 909ms (cache miss)
523 timing reifyNode:node_modules/serve/node_modules/path-is-inside Completed in 991ms
524 http fetch GET 200 https://registry.npmjs.org/deep-extend/-/deep-extend-0.6.0.tgz 936ms (cache miss)
525 timing reifyNode:node_modules/serve/node_modules/deep-extend Completed in 1003ms
526 http fetch GET 200 https://registry.npmjs.org/fast-url-parser/-/fast-url-parser-1.1.3.tgz 920ms (cache miss)
527 timing reifyNode:node_modules/serve/node_modules/fast-url-parser Completed in 1003ms
528 http fetch GET 200 https://registry.npmjs.org/shebang-command/-/shebang-command-2.0.0.tgz 914ms (cache miss)
529 timing reifyNode:node_modules/serve/node_modules/shebang-command Completed in 1003ms
530 http fetch GET 200 https://registry.npmjs.org/balanced-match/-/balanced-match-1.0.2.tgz 934ms (cache miss)
531 timing reifyNode:node_modules/serve/node_modules/balanced-match Completed in 1011ms
532 http fetch GET 200 https://registry.npmjs.org/range-parser/-/range-parser-1.2.0.tgz 930ms (cache miss)
533 timing reifyNode:node_modules/serve/node_modules/range-parser Completed in 1010ms
534 http fetch GET 200 https://registry.npmjs.org/npm-run-path/-/npm-run-path-4.0.1.tgz 924ms (cache miss)
535 timing reifyNode:node_modules/serve/node_modules/npm-run-path Completed in 1017ms
536 http fetch GET 200 https://registry.npmjs.org/is-stream/-/is-stream-2.0.1.tgz 921ms (cache miss)
537 timing reifyNode:node_modules/serve/node_modules/is-stream Completed in 1018ms
538 http fetch GET 200 https://registry.npmjs.org/strip-final-newline/-/strip-final-newline-2.0.0.tgz 933ms (cache miss)
539 timing reifyNode:node_modules/serve/node_modules/strip-final-newline Completed in 1025ms
540 http fetch GET 200 https://registry.npmjs.org/color-convert/-/color-convert-2.0.1.tgz 980ms (cache miss)
541 timing reifyNode:node_modules/serve/node_modules/color-convert Completed in 1040ms
542 http fetch GET 200 https://registry.npmjs.org/path-key/-/path-key-3.1.1.tgz 951ms (cache miss)
543 timing reifyNode:node_modules/serve/node_modules/path-key Completed in 1041ms
544 http fetch GET 200 https://registry.npmjs.org/which/-/which-2.0.2.tgz 953ms (cache miss)
545 timing reifyNode:node_modules/serve/node_modules/which Completed in 1041ms
546 http fetch GET 200 https://registry.npmjs.org/arch/-/arch-2.2.0.tgz 928ms (cache miss)
547 timing reifyNode:node_modules/serve/node_modules/arch Completed in 1039ms
548 http fetch GET 200 https://registry.npmjs.org/onetime/-/onetime-5.1.2.tgz 957ms (cache miss)
549 timing reifyNode:node_modules/serve/node_modules/onetime Completed in 1049ms
550 http fetch GET 200 https://registry.npmjs.org/merge-stream/-/merge-stream-2.0.0.tgz 954ms (cache miss)
551 timing reifyNode:node_modules/serve/node_modules/merge-stream Completed in 1050ms
552 http fetch GET 200 https://registry.npmjs.org/ms/-/ms-2.0.0.tgz 950ms (cache miss)
553 timing reifyNode:node_modules/serve/node_modules/ms Completed in 1047ms
554 http fetch GET 200 https://registry.npmjs.org/serve-handler/-/serve-handler-6.1.5.tgz 868ms (cache miss)
555 timing reifyNode:node_modules/serve/node_modules/serve-handler Completed in 1055ms
556 http fetch GET 200 https://registry.npmjs.org/rc/-/rc-1.2.8.tgz 999ms (cache miss)
557 timing reifyNode:node_modules/serve/node_modules/rc Completed in 1067ms
558 http fetch GET 200 https://registry.npmjs.org/path-to-regexp/-/path-to-regexp-2.2.1.tgz 985ms (cache miss)
559 timing reifyNode:node_modules/serve/node_modules/path-to-regexp Completed in 1067ms
560 http fetch GET 200 https://registry.npmjs.org/signal-exit/-/signal-exit-3.0.7.tgz 976ms (cache miss)
561 timing reifyNode:node_modules/serve/node_modules/signal-exit Completed in 1067ms
562 http fetch GET 200 https://registry.npmjs.org/content-disposition/-/content-disposition-0.5.2.tgz 983ms (cache miss)
563 timing reifyNode:node_modules/serve/node_modules/content-disposition Completed in 1067ms
564 http fetch GET 200 https://registry.npmjs.org/negotiator/-/negotiator-0.6.3.tgz 964ms (cache miss)
565 timing reifyNode:node_modules/serve/node_modules/negotiator Completed in 1065ms
566 http fetch GET 200 https://registry.npmjs.org/mimic-fn/-/mimic-fn-2.1.0.tgz 984ms (cache miss)
567 timing reifyNode:node_modules/serve/node_modules/mimic-fn Completed in 1069ms
568 http fetch GET 200 https://registry.npmjs.org/bytes/-/bytes-3.0.0.tgz 960ms (cache miss)
569 timing reifyNode:node_modules/serve/node_modules/bytes Completed in 1066ms
570 http fetch GET 200 https://registry.npmjs.org/is-wsl/-/is-wsl-2.2.0.tgz 959ms (cache miss)
571 timing reifyNode:node_modules/serve/node_modules/is-wsl Completed in 1069ms
572 http fetch GET 200 https://registry.npmjs.org/punycode/-/punycode-1.4.1.tgz 1001ms (cache miss)
573 timing reifyNode:node_modules/serve/node_modules/punycode Completed in 1079ms
574 http fetch GET 200 https://registry.npmjs.org/get-stream/-/get-stream-6.0.1.tgz 981ms (cache miss)
575 timing reifyNode:node_modules/serve/node_modules/get-stream Completed in 1079ms
576 http fetch GET 200 https://registry.npmjs.org/mime-types/-/mime-types-2.1.35.tgz 975ms (cache miss)
577 timing reifyNode:node_modules/serve/node_modules/mime-types Completed in 1078ms
578 http fetch GET 200 https://registry.npmjs.org/compressible/-/compressible-2.0.18.tgz 973ms (cache miss)
579 timing reifyNode:node_modules/serve/node_modules/compressible Completed in 1078ms
580 http fetch GET 200 https://registry.npmjs.org/vary/-/vary-1.1.2.tgz 975ms (cache miss)
581 timing reifyNode:node_modules/serve/node_modules/vary Completed in 1078ms
582 http fetch GET 200 https://registry.npmjs.org/camelcase/-/camelcase-7.0.1.tgz 932ms (cache miss)
583 timing reifyNode:node_modules/serve/node_modules/camelcase Completed in 1078ms
584 http fetch GET 200 https://registry.npmjs.org/require-from-string/-/require-from-string-2.0.2.tgz 895ms (cache miss)
585 timing reifyNode:node_modules/serve/node_modules/require-from-string Completed in 1079ms
586 http fetch GET 200 https://registry.npmjs.org/strip-ansi/-/strip-ansi-6.0.1.tgz 911ms (cache miss)
587 timing reifyNode:node_modules/serve/node_modules/ansi-align/node_modules/strip-ansi Completed in 1079ms
588 http fetch GET 200 https://registry.npmjs.org/on-headers/-/on-headers-1.0.2.tgz 985ms (cache miss)
589 timing reifyNode:node_modules/serve/node_modules/on-headers Completed in 1089ms
590 http fetch GET 200 https://registry.npmjs.org/accepts/-/accepts-1.3.8.tgz 981ms (cache miss)
591 timing reifyNode:node_modules/serve/node_modules/accepts Completed in 1090ms
592 http fetch GET 200 https://registry.npmjs.org/widest-line/-/widest-line-4.0.1.tgz 977ms (cache miss)
593 timing reifyNode:node_modules/serve/node_modules/widest-line Completed in 1089ms
594 http fetch GET 200 https://registry.npmjs.org/string-width/-/string-width-5.1.2.tgz 961ms (cache miss)
595 timing reifyNode:node_modules/serve/node_modules/string-width Completed in 1090ms
596 http fetch GET 200 https://registry.npmjs.org/fast-deep-equal/-/fast-deep-equal-3.1.3.tgz 904ms (cache miss)
597 timing reifyNode:node_modules/serve/node_modules/fast-deep-equal Completed in 1091ms
598 http fetch GET 200 https://registry.npmjs.org/cli-boxes/-/cli-boxes-3.0.0.tgz 957ms (cache miss)
599 timing reifyNode:node_modules/serve/node_modules/cli-boxes Completed in 1091ms
600 http fetch GET 200 https://registry.npmjs.org/string-width/-/string-width-4.2.3.tgz 909ms (cache miss)
601 timing reifyNode:node_modules/serve/node_modules/ansi-align/node_modules/string-width Completed in 1091ms
602 http fetch GET 200 https://registry.npmjs.org/ansi-regex/-/ansi-regex-5.0.1.tgz 937ms (cache miss)
603 timing reifyNode:node_modules/serve/node_modules/ansi-align/node_modules/ansi-regex Completed in 1091ms
604 http fetch GET 200 https://registry.npmjs.org/mime-types/-/mime-types-2.1.18.tgz 904ms (cache miss)
605 timing reifyNode:node_modules/serve/node_modules/serve-handler/node_modules/mime-types Completed in 1092ms
606 timing reifyNode:node_modules/serve/node_modules/emoji-regex Completed in 1100ms
607 http fetch GET 200 https://registry.npmjs.org/minimatch/-/minimatch-3.1.2.tgz 1017ms (cache miss)
608 timing reifyNode:node_modules/serve/node_modules/minimatch Completed in 1099ms
609 http fetch GET 200 https://registry.npmjs.org/emoji-regex/-/emoji-regex-8.0.0.tgz 916ms (cache miss)
610 timing reifyNode:node_modules/serve/node_modules/ansi-align/node_modules/emoji-regex Completed in 1097ms
611 http fetch GET 200 https://registry.npmjs.org/is-port-reachable/-/is-port-reachable-4.0.0.tgz 909ms (cache miss)
612 timing reifyNode:node_modules/serve/node_modules/is-port-reachable Completed in 1098ms
613 http fetch GET 200 https://registry.npmjs.org/arg/-/arg-5.0.2.tgz 897ms (cache miss)
614 timing reifyNode:node_modules/serve/node_modules/arg Completed in 1099ms
615 http fetch GET 200 https://registry.npmjs.org/wrap-ansi/-/wrap-ansi-8.1.0.tgz 989ms (cache miss)
616 timing reifyNode:node_modules/serve/node_modules/wrap-ansi Completed in 1100ms
617 http fetch GET 200 https://registry.npmjs.org/ansi-align/-/ansi-align-3.0.1.tgz 951ms (cache miss)
618 timing reifyNode:node_modules/serve/node_modules/ansi-align Completed in 1101ms
619 http fetch GET 200 https://registry.npmjs.org/ansi-styles/-/ansi-styles-4.3.0.tgz 907ms (cache miss)
620 timing reifyNode:node_modules/serve/node_modules/chalk-template/node_modules/ansi-styles Completed in 1104ms
621 http fetch GET 200 https://registry.npmjs.org/update-check/-/update-check-1.5.4.tgz 920ms (cache miss)
622 timing reifyNode:node_modules/serve/node_modules/update-check Completed in 1106ms
623 http fetch GET 200 https://registry.npmjs.org/chalk-template/-/chalk-template-0.4.0.tgz 915ms (cache miss)
624 timing reifyNode:node_modules/serve/node_modules/chalk-template Completed in 1109ms
625 http fetch GET 200 https://registry.npmjs.org/safe-buffer/-/safe-buffer-5.1.2.tgz 1008ms (cache miss)
626 timing reifyNode:node_modules/serve/node_modules/safe-buffer Completed in 1111ms
627 http fetch GET 200 https://registry.npmjs.org/cross-spawn/-/cross-spawn-7.0.3.tgz 1018ms (cache miss)
628 timing reifyNode:node_modules/serve/node_modules/cross-spawn Completed in 1114ms
629 http fetch GET 200 https://registry.npmjs.org/punycode/-/punycode-2.3.1.tgz 931ms (cache miss)
630 timing reifyNode:node_modules/serve/node_modules/uri-js/node_modules/punycode Completed in 1115ms
631 http fetch GET 200 https://registry.npmjs.org/boxen/-/boxen-7.0.0.tgz 914ms (cache miss)
632 timing reifyNode:node_modules/serve/node_modules/boxen Completed in 1115ms
633 http fetch GET 200 https://registry.npmjs.org/json-schema-traverse/-/json-schema-traverse-1.0.0.tgz 945ms (cache miss)
634 http fetch GET 200 https://registry.npmjs.org/compression/-/compression-1.7.4.tgz 943ms (cache miss)
635 timing reifyNode:node_modules/serve/node_modules/compression Completed in 1133ms
636 timing reifyNode:node_modules/serve/node_modules/json-schema-traverse Completed in 1136ms
637 http fetch GET 200 https://registry.npmjs.org/chalk/-/chalk-4.1.2.tgz 937ms (cache miss)
638 timing reifyNode:node_modules/serve/node_modules/chalk-template/node_modules/chalk Completed in 1136ms
639 http fetch GET 200 https://registry.npmjs.org/registry-auth-token/-/registry-auth-token-3.3.2.tgz 1072ms (cache miss)
640 timing reifyNode:node_modules/serve/node_modules/registry-auth-token Completed in 1142ms
641 http fetch GET 200 https://registry.npmjs.org/execa/-/execa-5.1.1.tgz 1027ms (cache miss)
642 timing reifyNode:node_modules/serve/node_modules/execa Completed in 1139ms
643 http fetch GET 200 https://registry.npmjs.org/mime-db/-/mime-db-1.33.0.tgz 960ms (cache miss)
644 timing reifyNode:node_modules/serve/node_modules/serve-handler/node_modules/mime-db Completed in 1148ms
645 http fetch GET 200 https://registry.npmjs.org/mime-db/-/mime-db-1.52.0.tgz 1052ms (cache miss)
646 timing reifyNode:node_modules/serve/node_modules/mime-db Completed in 1150ms
647 http fetch GET 200 https://registry.npmjs.org/human-signals/-/human-signals-2.1.0.tgz 1055ms (cache miss)
648 timing reifyNode:node_modules/serve/node_modules/human-signals Completed in 1153ms
649 http fetch GET 200 https://registry.npmjs.org/@zeit/schemas/-/schemas-2.36.0.tgz 948ms (cache miss)
650 timing reifyNode:node_modules/serve/node_modules/@zeit/schemas Completed in 1152ms
651 http fetch GET 200 https://registry.npmjs.org/debug/-/debug-2.6.9.tgz 1048ms (cache miss)
652 timing reifyNode:node_modules/serve/node_modules/debug Completed in 1153ms
653 http fetch GET 200 https://registry.npmjs.org/minimist/-/minimist-1.2.8.tgz 1093ms (cache miss)
654 timing reifyNode:node_modules/serve/node_modules/minimist Completed in 1159ms
655 http fetch GET 200 https://registry.npmjs.org/chalk/-/chalk-5.0.1.tgz 962ms (cache miss)
656 timing reifyNode:node_modules/serve/node_modules/chalk Completed in 1163ms
657 http fetch GET 200 https://registry.npmjs.org/type-fest/-/type-fest-2.19.0.tgz 1179ms (cache miss)
658 timing reifyNode:node_modules/serve/node_modules/type-fest Completed in 1294ms
659 http fetch GET 200 https://registry.npmjs.org/uri-js/-/uri-js-4.4.1.tgz 1128ms (cache miss)
660 timing reifyNode:node_modules/serve/node_modules/uri-js Completed in 1312ms
661 http fetch GET 200 https://registry.npmjs.org/clipboardy/-/clipboardy-3.0.0.tgz 1122ms (cache miss)
662 timing reifyNode:node_modules/serve/node_modules/clipboardy Completed in 1317ms
663 http fetch GET 200 https://registry.npmjs.org/ajv/-/ajv-8.12.0.tgz 1266ms (cache miss)
664 timing reifyNode:node_modules/serve/node_modules/ajv Completed in 1469ms
665 timing reify:unpack Completed in 1475ms
666 timing reify:unretire Completed in 0ms
667 timing build:queue Completed in 4ms
668 timing build:link:node_modules/serve/node_modules/is-docker Completed in 2ms
669 timing build:link:node_modules/serve Completed in 3ms
670 timing build:link:node_modules/serve/node_modules/rc Completed in 2ms
671 timing build:link:node_modules/serve/node_modules/which Completed in 2ms
672 timing build:link Completed in 3ms
673 timing build:deps Completed in 8ms
674 timing build Completed in 8ms
675 timing reify:build Completed in 9ms
676 timing reify:trash Completed in 0ms
677 timing reify Completed in 7854ms
678 silly ADD node_modules/serve
679 silly ADD node_modules/serve/node_modules/color-name
680 silly ADD node_modules/serve/node_modules/color-convert
681 silly ADD node_modules/serve/node_modules/has-flag
682 silly ADD node_modules/serve/node_modules/supports-color
683 silly ADD node_modules/serve/node_modules/is-fullwidth-code-point
684 silly ADD node_modules/serve/node_modules/ansi-styles
685 silly ADD node_modules/serve/node_modules/isexe
686 silly ADD node_modules/serve/node_modules/strip-json-comments
687 silly ADD node_modules/serve/node_modules/minimist
688 silly ADD node_modules/serve/node_modules/ini
689 silly ADD node_modules/serve/node_modules/deep-extend
690 silly ADD node_modules/serve/node_modules/rc
691 silly ADD node_modules/serve/node_modules/registry-url
692 silly ADD node_modules/serve/node_modules/registry-auth-token
693 silly ADD node_modules/serve/node_modules/ansi-regex
694 silly ADD node_modules/serve/node_modules/strip-ansi
695 silly ADD node_modules/serve/node_modules/emoji-regex
696 silly ADD node_modules/serve/node_modules/eastasianwidth
697 silly ADD node_modules/serve/node_modules/shebang-regex
698 silly ADD node_modules/serve/node_modules/concat-map
699 silly ADD node_modules/serve/node_modules/balanced-match
700 silly ADD node_modules/serve/node_modules/brace-expansion
701 silly ADD node_modules/serve/node_modules/punycode
702 silly ADD node_modules/serve/node_modules/range-parser
703 silly ADD node_modules/serve/node_modules/path-to-regexp
704 silly ADD node_modules/serve/node_modules/path-is-inside
705 silly ADD node_modules/serve/node_modules/minimatch
706 silly ADD node_modules/serve/node_modules/fast-url-parser
707 silly ADD node_modules/serve/node_modules/content-disposition
708 silly ADD node_modules/serve/node_modules/mimic-fn
709 silly ADD node_modules/serve/node_modules/is-docker
710 silly ADD node_modules/serve/node_modules/which
711 silly ADD node_modules/serve/node_modules/shebang-command
712 silly ADD node_modules/serve/node_modules/path-key
713 silly ADD node_modules/serve/node_modules/strip-final-newline
714 silly ADD node_modules/serve/node_modules/signal-exit
715 silly ADD node_modules/serve/node_modules/onetime
716 silly ADD node_modules/serve/node_modules/npm-run-path
717 silly ADD node_modules/serve/node_modules/merge-stream
718 silly ADD node_modules/serve/node_modules/is-stream
719 silly ADD node_modules/serve/node_modules/human-signals
720 silly ADD node_modules/serve/node_modules/get-stream
721 silly ADD node_modules/serve/node_modules/cross-spawn
722 silly ADD node_modules/serve/node_modules/ms
723 silly ADD node_modules/serve/node_modules/mime-db
724 silly ADD node_modules/serve/node_modules/negotiator
725 silly ADD node_modules/serve/node_modules/mime-types
726 silly ADD node_modules/serve/node_modules/vary
727 silly ADD node_modules/serve/node_modules/safe-buffer
728 silly ADD node_modules/serve/node_modules/on-headers
729 silly ADD node_modules/serve/node_modules/debug
730 silly ADD node_modules/serve/node_modules/compressible
731 silly ADD node_modules/serve/node_modules/bytes
732 silly ADD node_modules/serve/node_modules/accepts
733 silly ADD node_modules/serve/node_modules/is-wsl
734 silly ADD node_modules/serve/node_modules/execa
735 silly ADD node_modules/serve/node_modules/arch
736 silly ADD node_modules/serve/node_modules/wrap-ansi
737 silly ADD node_modules/serve/node_modules/widest-line
738 silly ADD node_modules/serve/node_modules/type-fest
739 silly ADD node_modules/serve/node_modules/string-width
740 silly ADD node_modules/serve/node_modules/cli-boxes
741 silly ADD node_modules/serve/node_modules/camelcase
742 silly ADD node_modules/serve/node_modules/ansi-align
743 silly ADD node_modules/serve/node_modules/ansi-align/node_modules/ansi-regex
744 silly ADD node_modules/serve/node_modules/ansi-align/node_modules/strip-ansi
745 silly ADD node_modules/serve/node_modules/ansi-align/node_modules/emoji-regex
746 silly ADD node_modules/serve/node_modules/ansi-align/node_modules/string-width
747 silly ADD node_modules/serve/node_modules/uri-js
748 silly ADD node_modules/serve/node_modules/uri-js/node_modules/punycode
749 silly ADD node_modules/serve/node_modules/require-from-string
750 silly ADD node_modules/serve/node_modules/json-schema-traverse
751 silly ADD node_modules/serve/node_modules/fast-deep-equal
752 silly ADD node_modules/serve/node_modules/update-check
753 silly ADD node_modules/serve/node_modules/serve-handler
754 silly ADD node_modules/serve/node_modules/serve-handler/node_modules/mime-db
755 silly ADD node_modules/serve/node_modules/serve-handler/node_modules/mime-types
756 silly ADD node_modules/serve/node_modules/is-port-reachable
757 silly ADD node_modules/serve/node_modules/compression
758 silly ADD node_modules/serve/node_modules/clipboardy
759 silly ADD node_modules/serve/node_modules/chalk-template
760 silly ADD node_modules/serve/node_modules/chalk-template/node_modules/ansi-styles
761 silly ADD node_modules/serve/node_modules/chalk-template/node_modules/chalk
762 silly ADD node_modules/serve/node_modules/chalk
763 silly ADD node_modules/serve/node_modules/boxen
764 silly ADD node_modules/serve/node_modules/arg
765 silly ADD node_modules/serve/node_modules/ajv
766 silly ADD node_modules/serve/node_modules/@zeit/schemas
767 timing command:i Completed in 7864ms
768 notice
768 notice New [33mminor[39m version of npm available! [31m10.5.2[39m -> [32m10.8.0[39m
768 notice Changelog: [36mhttps://github.com/npm/cli/releases/tag/v10.8.0[39m
768 notice Run [32mnpm install -g npm@10.8.0[39m to update!
768 notice
769 verbose exit 0
770 timing npm Completed in 8222ms
771 info ok
